<?xml version="1.0" encoding="UTF-8"?>
<!-- Generated by org.testng.reporters.JUnitReportReporter -->
<testsuite skipped="0" hostname="DESKTOP-D7PUHMF" name="com.appname.qa.testrunner.TestNGCucumberRunner" tests="1" failures="0" timestamp="09 Dec 2018 14:18:41 GMT" time="54.597" errors="0">
  <testcase name="feature" time="54.597" classname="com.appname.qa.testrunner.TestNGCucumberRunner"/>
</testsuite> <!-- com.appname.qa.testrunner.TestNGCucumberRunner -->
