<?xml version="1.0" encoding="UTF-8"?>
<!-- Generated by org.testng.reporters.JUnitReportReporter -->
<testsuite skipped="0" hostname="DESKTOP-D7PUHMF" name="com.appname.qa.testrunner.TestNGCucumberRunner" tests="1" failures="0" timestamp="10 Dec 2018 05:51:50 GMT" time="48.388" errors="0">
  <testcase name="feature" time="48.388" classname="com.appname.qa.testrunner.TestNGCucumberRunner"/>
</testsuite> <!-- com.appname.qa.testrunner.TestNGCucumberRunner -->
